<?xml version="1.0" encoding="utf-8" ?>
<!DOCTYPE html PUBLIC "-//W3C//DTD XHTML 1.0 Strict//EN"
        "http://www.w3.org/TR/xhtml1/DTD/xhtml1-strict.dtd">
<html xmlns="http://www.w3.org/1999/xhtml" xml:lang="" lang="">
<head>
  <title>Test Results Report - SwarmAutoTest-Chat</title>
  <meta http-equiv="Content-Type" content="text/html;charset=utf-8" />
  <meta name="description" content="TestNG unit test results." />
  <link href="reportng.css" rel="stylesheet" type="text/css" />
    <script type="text/javascript" src="reportng.js"></script>
</head>
<body>
<h1>SwarmAutoTest-Chat</h1>
<p>
  Test duration: 1.533s
</p>

  <table class="resultsTable configTable">
    <tr><th colspan="3" class="header failedConfig">Failed Configuration</th></tr>
              <tr class="group">
        <td colspan="3">com.swarm.automation.swarm.test.SwarmAutoChat</td>
      </tr>
            
<tr>
  <td class="method">
                  beforeClass
      </td>
  <td class="duration">
    1.533s
  </td>
  <td class="result">
        
    
        

        <a href="javascript:toggleElement('exception-0', 'block')" title="Click to expand/collapse"><b>org.openqa.selenium.SessionNotCreatedException: Unable to create a new remote session. Please check the server log for more details. Original error: An unknown server-side error occurred while processing the command. Original error: App with bundle identifier &apos;com.divx.swarm.development&apos; unknown<br/>
Build info: version: &apos;3.141.59&apos;, revision: &apos;e82be7d358&apos;, time: &apos;2018-11-14T08:25:48&apos;<br/>
System info: host: &apos;KO1D1042-KMOON&apos;, ip: &apos;fe80:0:0:0:1cdb:9a21:12f9:273%en0&apos;, os.name: &apos;Mac OS X&apos;, os.arch: &apos;x86_64&apos;, os.version: &apos;10.14.5&apos;, java.version: &apos;1.8.0_211&apos;<br/>
Driver info: driver.version: IOSDriver<br/>
remote stacktrace: UnknownError: An unknown server-side error occurred while processing the command. Original error: App with bundle identifier &apos;com.divx.swarm.development&apos; unknown<br/>
&nbsp;&nbsp;&nbsp; at getResponseForW3CError (/Applications/Appium.app/Contents/Resources/app/node_modules/appium/node_modules/appium-base-driver/lib/protocol/errors.js:826:9)<br/>
&nbsp;&nbsp;&nbsp; at asyncHandler (/Applications/Appium.app/Contents/Resources/app/node_modules/appium/node_modules/appium-base-driver/lib/protocol/protocol.js:447:37)<br/>
&nbsp;&nbsp;&nbsp; at process._tickCallback (internal/process/next_tick.js:68:7)<br/>
Build info: version: &apos;3.141.59&apos;, revision: &apos;e82be7d358&apos;, time: &apos;2018-11-14T08:25:48&apos;<br/>
System info: host: &apos;KO1D1042-KMOON&apos;, ip: &apos;fe80:0:0:0:1cdb:9a21:12f9:273%en0&apos;, os.name: &apos;Mac OS X&apos;, os.arch: &apos;x86_64&apos;, os.version: &apos;10.14.5&apos;, java.version: &apos;1.8.0_211&apos;<br/>
Driver info: driver.version: IOSDriver</b></a><br />
    <div class="stackTrace" id="exception-0">
              io.appium.java_client.remote.AppiumCommandExecutor$1.createSession(AppiumCommandExecutor.java:208)<br />
              io.appium.java_client.remote.AppiumCommandExecutor.createSession(AppiumCommandExecutor.java:217)<br />
              io.appium.java_client.remote.AppiumCommandExecutor.execute(AppiumCommandExecutor.java:239)<br />
              org.openqa.selenium.remote.RemoteWebDriver.execute(RemoteWebDriver.java:552)<br />
              io.appium.java_client.DefaultGenericMobileDriver.execute(DefaultGenericMobileDriver.java:42)<br />
              io.appium.java_client.AppiumDriver.execute(AppiumDriver.java:1)<br />
              io.appium.java_client.ios.IOSDriver.execute(IOSDriver.java:1)<br />
              org.openqa.selenium.remote.RemoteWebDriver.startSession(RemoteWebDriver.java:213)<br />
              org.openqa.selenium.remote.RemoteWebDriver.&lt;init&gt;(RemoteWebDriver.java:131)<br />
              io.appium.java_client.DefaultGenericMobileDriver.&lt;init&gt;(DefaultGenericMobileDriver.java:38)<br />
              io.appium.java_client.AppiumDriver.&lt;init&gt;(AppiumDriver.java:84)<br />
              io.appium.java_client.AppiumDriver.&lt;init&gt;(AppiumDriver.java:94)<br />
              io.appium.java_client.ios.IOSDriver.&lt;init&gt;(IOSDriver.java:95)<br />
              com.swarm.automation.swarm.test.SwarmAutoMain.SwarmSetUpDeivce(SwarmAutoMain.java:69)<br />
              com.swarm.automation.swarm.test.SwarmAutoMain.beforeClass(SwarmAutoMain.java:45)<br />
              sun.reflect.NativeMethodAccessorImpl.invoke0(Native Method)<br />
              sun.reflect.NativeMethodAccessorImpl.invoke(NativeMethodAccessorImpl.java:62)<br />
              sun.reflect.DelegatingMethodAccessorImpl.invoke(DelegatingMethodAccessorImpl.java:43)<br />
              java.lang.reflect.Method.invoke(Method.java:498)<br />
              org.testng.internal.MethodInvocationHelper.invokeMethod(MethodInvocationHelper.java:124)<br />
              org.testng.internal.MethodInvocationHelper.invokeMethodConsideringTimeout(MethodInvocationHelper.java:59)<br />
              org.testng.internal.Invoker.invokeConfigurationMethod(Invoker.java:458)<br />
              org.testng.internal.Invoker.invokeConfigurations(Invoker.java:222)<br />
              org.testng.internal.Invoker.invokeConfigurations(Invoker.java:142)<br />
              org.testng.internal.TestMethodWorker.invokeBeforeClassMethods(TestMethodWorker.java:168)<br />
              org.testng.internal.TestMethodWorker.run(TestMethodWorker.java:105)<br />
              org.testng.TestRunner.privateRun(TestRunner.java:648)<br />
              org.testng.TestRunner.run(TestRunner.java:505)<br />
              org.testng.SuiteRunner.runTest(SuiteRunner.java:455)<br />
              org.testng.SuiteRunner.runSequentially(SuiteRunner.java:450)<br />
              org.testng.SuiteRunner.privateRun(SuiteRunner.java:415)<br />
              org.testng.SuiteRunner.run(SuiteRunner.java:364)<br />
              org.testng.SuiteRunnerWorker.runSuite(SuiteRunnerWorker.java:52)<br />
              org.testng.SuiteRunnerWorker.run(SuiteRunnerWorker.java:84)<br />
              org.testng.TestNG.runSuitesSequentially(TestNG.java:1208)<br />
              org.testng.TestNG.runSuitesLocally(TestNG.java:1137)<br />
              org.testng.TestNG.runSuites(TestNG.java:1049)<br />
              org.testng.TestNG.run(TestNG.java:1017)<br />
              org.testng.remote.AbstractRemoteTestNG.run(AbstractRemoteTestNG.java:115)<br />
              org.testng.remote.RemoteTestNG.initAndRun(RemoteTestNG.java:251)<br />
              org.testng.remote.RemoteTestNG.main(RemoteTestNG.java:77)<br />
                    <b>Caused by: </b> <a href="javascript:toggleElement('exception-1', 'block')" title="Click to expand/collapse">java.lang.reflect.InvocationTargetException</a><br />
        <div class="stackTrace" id="exception-1">
                      sun.reflect.NativeMethodAccessorImpl.invoke0(Native Method)<br />
                      sun.reflect.NativeMethodAccessorImpl.invoke(NativeMethodAccessorImpl.java:62)<br />
                      sun.reflect.DelegatingMethodAccessorImpl.invoke(DelegatingMethodAccessorImpl.java:43)<br />
                      java.lang.reflect.Method.invoke(Method.java:498)<br />
                      io.appium.java_client.remote.AppiumCommandExecutor$1.createSession(AppiumCommandExecutor.java:186)<br />
                      io.appium.java_client.remote.AppiumCommandExecutor.createSession(AppiumCommandExecutor.java:217)<br />
                      io.appium.java_client.remote.AppiumCommandExecutor.execute(AppiumCommandExecutor.java:239)<br />
                      org.openqa.selenium.remote.RemoteWebDriver.execute(RemoteWebDriver.java:552)<br />
                      io.appium.java_client.DefaultGenericMobileDriver.execute(DefaultGenericMobileDriver.java:42)<br />
                      io.appium.java_client.AppiumDriver.execute(AppiumDriver.java:1)<br />
                      io.appium.java_client.ios.IOSDriver.execute(IOSDriver.java:1)<br />
                      org.openqa.selenium.remote.RemoteWebDriver.startSession(RemoteWebDriver.java:213)<br />
                      org.openqa.selenium.remote.RemoteWebDriver.&lt;init&gt;(RemoteWebDriver.java:131)<br />
                      io.appium.java_client.DefaultGenericMobileDriver.&lt;init&gt;(DefaultGenericMobileDriver.java:38)<br />
                      io.appium.java_client.AppiumDriver.&lt;init&gt;(AppiumDriver.java:84)<br />
                      io.appium.java_client.AppiumDriver.&lt;init&gt;(AppiumDriver.java:94)<br />
                      io.appium.java_client.ios.IOSDriver.&lt;init&gt;(IOSDriver.java:95)<br />
                      com.swarm.automation.swarm.test.SwarmAutoMain.SwarmSetUpDeivce(SwarmAutoMain.java:69)<br />
                      com.swarm.automation.swarm.test.SwarmAutoMain.beforeClass(SwarmAutoMain.java:45)<br />
                      sun.reflect.NativeMethodAccessorImpl.invoke0(Native Method)<br />
                      sun.reflect.NativeMethodAccessorImpl.invoke(NativeMethodAccessorImpl.java:62)<br />
                      sun.reflect.DelegatingMethodAccessorImpl.invoke(DelegatingMethodAccessorImpl.java:43)<br />
                      java.lang.reflect.Method.invoke(Method.java:498)<br />
                      org.testng.internal.MethodInvocationHelper.invokeMethod(MethodInvocationHelper.java:124)<br />
                      org.testng.internal.MethodInvocationHelper.invokeMethodConsideringTimeout(MethodInvocationHelper.java:59)<br />
                      org.testng.internal.Invoker.invokeConfigurationMethod(Invoker.java:458)<br />
                      org.testng.internal.Invoker.invokeConfigurations(Invoker.java:222)<br />
                      org.testng.internal.Invoker.invokeConfigurations(Invoker.java:142)<br />
                      org.testng.internal.TestMethodWorker.invokeBeforeClassMethods(TestMethodWorker.java:168)<br />
                      org.testng.internal.TestMethodWorker.run(TestMethodWorker.java:105)<br />
                      org.testng.TestRunner.privateRun(TestRunner.java:648)<br />
                      org.testng.TestRunner.run(TestRunner.java:505)<br />
                      org.testng.SuiteRunner.runTest(SuiteRunner.java:455)<br />
                      org.testng.SuiteRunner.runSequentially(SuiteRunner.java:450)<br />
                      org.testng.SuiteRunner.privateRun(SuiteRunner.java:415)<br />
                      org.testng.SuiteRunner.run(SuiteRunner.java:364)<br />
                      org.testng.SuiteRunnerWorker.runSuite(SuiteRunnerWorker.java:52)<br />
                      org.testng.SuiteRunnerWorker.run(SuiteRunnerWorker.java:84)<br />
                      org.testng.TestNG.runSuitesSequentially(TestNG.java:1208)<br />
                      org.testng.TestNG.runSuitesLocally(TestNG.java:1137)<br />
                      org.testng.TestNG.runSuites(TestNG.java:1049)<br />
                      org.testng.TestNG.run(TestNG.java:1017)<br />
                      org.testng.remote.AbstractRemoteTestNG.run(AbstractRemoteTestNG.java:115)<br />
                      org.testng.remote.RemoteTestNG.initAndRun(RemoteTestNG.java:251)<br />
                      org.testng.remote.RemoteTestNG.main(RemoteTestNG.java:77)<br />
                  </div>
              <b>Caused by: </b> <a href="javascript:toggleElement('exception-2', 'block')" title="Click to expand/collapse">org.openqa.selenium.WebDriverException: An unknown server-side error occurred while processing the command. Original error: App with bundle identifier &apos;com.divx.swarm.development&apos; unknown<br/>
Build info: version: &apos;3.141.59&apos;, revision: &apos;e82be7d358&apos;, time: &apos;2018-11-14T08:25:48&apos;<br/>
System info: host: &apos;KO1D1042-KMOON&apos;, ip: &apos;fe80:0:0:0:1cdb:9a21:12f9:273%en0&apos;, os.name: &apos;Mac OS X&apos;, os.arch: &apos;x86_64&apos;, os.version: &apos;10.14.5&apos;, java.version: &apos;1.8.0_211&apos;<br/>
Driver info: driver.version: IOSDriver<br/>
remote stacktrace: UnknownError: An unknown server-side error occurred while processing the command. Original error: App with bundle identifier &apos;com.divx.swarm.development&apos; unknown<br/>
&nbsp;&nbsp;&nbsp; at getResponseForW3CError (/Applications/Appium.app/Contents/Resources/app/node_modules/appium/node_modules/appium-base-driver/lib/protocol/errors.js:826:9)<br/>
&nbsp;&nbsp;&nbsp; at asyncHandler (/Applications/Appium.app/Contents/Resources/app/node_modules/appium/node_modules/appium-base-driver/lib/protocol/protocol.js:447:37)<br/>
&nbsp;&nbsp;&nbsp; at process._tickCallback (internal/process/next_tick.js:68:7)</a><br />
        <div class="stackTrace" id="exception-2">
                      sun.reflect.NativeConstructorAccessorImpl.newInstance0(Native Method)<br />
                      sun.reflect.NativeConstructorAccessorImpl.newInstance(NativeConstructorAccessorImpl.java:62)<br />
                      sun.reflect.DelegatingConstructorAccessorImpl.newInstance(DelegatingConstructorAccessorImpl.java:45)<br />
                      java.lang.reflect.Constructor.newInstance(Constructor.java:423)<br />
                      org.openqa.selenium.remote.W3CHandshakeResponse.lambda$errorHandler$0(W3CHandshakeResponse.java:62)<br />
                      org.openqa.selenium.remote.HandshakeResponse.lambda$getResponseFunction$0(HandshakeResponse.java:30)<br />
                      org.openqa.selenium.remote.ProtocolHandshake.lambda$createSession$0(ProtocolHandshake.java:126)<br />
                      java.util.stream.ReferencePipeline$3$1.accept(ReferencePipeline.java:193)<br />
                      java.util.Spliterators$ArraySpliterator.tryAdvance(Spliterators.java:958)<br />
                      java.util.stream.ReferencePipeline.forEachWithCancel(ReferencePipeline.java:126)<br />
                      java.util.stream.AbstractPipeline.copyIntoWithCancel(AbstractPipeline.java:498)<br />
                      java.util.stream.AbstractPipeline.copyInto(AbstractPipeline.java:485)<br />
                      java.util.stream.AbstractPipeline.wrapAndCopyInto(AbstractPipeline.java:471)<br />
                      java.util.stream.FindOps$FindOp.evaluateSequential(FindOps.java:152)<br />
                      java.util.stream.AbstractPipeline.evaluate(AbstractPipeline.java:234)<br />
                      java.util.stream.ReferencePipeline.findFirst(ReferencePipeline.java:464)<br />
                      org.openqa.selenium.remote.ProtocolHandshake.createSession(ProtocolHandshake.java:128)<br />
                      sun.reflect.NativeMethodAccessorImpl.invoke0(Native Method)<br />
                      sun.reflect.NativeMethodAccessorImpl.invoke(NativeMethodAccessorImpl.java:62)<br />
                      sun.reflect.DelegatingMethodAccessorImpl.invoke(DelegatingMethodAccessorImpl.java:43)<br />
                      java.lang.reflect.Method.invoke(Method.java:498)<br />
                      io.appium.java_client.remote.AppiumCommandExecutor$1.createSession(AppiumCommandExecutor.java:186)<br />
                      io.appium.java_client.remote.AppiumCommandExecutor.createSession(AppiumCommandExecutor.java:217)<br />
                      io.appium.java_client.remote.AppiumCommandExecutor.execute(AppiumCommandExecutor.java:239)<br />
                      org.openqa.selenium.remote.RemoteWebDriver.execute(RemoteWebDriver.java:552)<br />
                      io.appium.java_client.DefaultGenericMobileDriver.execute(DefaultGenericMobileDriver.java:42)<br />
                      io.appium.java_client.AppiumDriver.execute(AppiumDriver.java:1)<br />
                      io.appium.java_client.ios.IOSDriver.execute(IOSDriver.java:1)<br />
                      org.openqa.selenium.remote.RemoteWebDriver.startSession(RemoteWebDriver.java:213)<br />
                      org.openqa.selenium.remote.RemoteWebDriver.&lt;init&gt;(RemoteWebDriver.java:131)<br />
                      io.appium.java_client.DefaultGenericMobileDriver.&lt;init&gt;(DefaultGenericMobileDriver.java:38)<br />
                      io.appium.java_client.AppiumDriver.&lt;init&gt;(AppiumDriver.java:84)<br />
                      io.appium.java_client.AppiumDriver.&lt;init&gt;(AppiumDriver.java:94)<br />
                      io.appium.java_client.ios.IOSDriver.&lt;init&gt;(IOSDriver.java:95)<br />
                      com.swarm.automation.swarm.test.SwarmAutoMain.SwarmSetUpDeivce(SwarmAutoMain.java:69)<br />
                      com.swarm.automation.swarm.test.SwarmAutoMain.beforeClass(SwarmAutoMain.java:45)<br />
                      sun.reflect.NativeMethodAccessorImpl.invoke0(Native Method)<br />
                      sun.reflect.NativeMethodAccessorImpl.invoke(NativeMethodAccessorImpl.java:62)<br />
                      sun.reflect.DelegatingMethodAccessorImpl.invoke(DelegatingMethodAccessorImpl.java:43)<br />
                      java.lang.reflect.Method.invoke(Method.java:498)<br />
                      org.testng.internal.MethodInvocationHelper.invokeMethod(MethodInvocationHelper.java:124)<br />
                      org.testng.internal.MethodInvocationHelper.invokeMethodConsideringTimeout(MethodInvocationHelper.java:59)<br />
                      org.testng.internal.Invoker.invokeConfigurationMethod(Invoker.java:458)<br />
                      org.testng.internal.Invoker.invokeConfigurations(Invoker.java:222)<br />
                      org.testng.internal.Invoker.invokeConfigurations(Invoker.java:142)<br />
                      org.testng.internal.TestMethodWorker.invokeBeforeClassMethods(TestMethodWorker.java:168)<br />
                      org.testng.internal.TestMethodWorker.run(TestMethodWorker.java:105)<br />
                      org.testng.TestRunner.privateRun(TestRunner.java:648)<br />
                      org.testng.TestRunner.run(TestRunner.java:505)<br />
                      org.testng.SuiteRunner.runTest(SuiteRunner.java:455)<br />
                      org.testng.SuiteRunner.runSequentially(SuiteRunner.java:450)<br />
                      org.testng.SuiteRunner.privateRun(SuiteRunner.java:415)<br />
                      org.testng.SuiteRunner.run(SuiteRunner.java:364)<br />
                      org.testng.SuiteRunnerWorker.runSuite(SuiteRunnerWorker.java:52)<br />
                      org.testng.SuiteRunnerWorker.run(SuiteRunnerWorker.java:84)<br />
                      org.testng.TestNG.runSuitesSequentially(TestNG.java:1208)<br />
                      org.testng.TestNG.runSuitesLocally(TestNG.java:1137)<br />
                      org.testng.TestNG.runSuites(TestNG.java:1049)<br />
                      org.testng.TestNG.run(TestNG.java:1017)<br />
                      org.testng.remote.AbstractRemoteTestNG.run(AbstractRemoteTestNG.java:115)<br />
                      org.testng.remote.RemoteTestNG.initAndRun(RemoteTestNG.java:251)<br />
                      org.testng.remote.RemoteTestNG.main(RemoteTestNG.java:77)<br />
                  </div>
          </div>
      </td>
</tr>
    
      </table>



  <table class="resultsTable" width="100%">
    <tr><th colspan="3" class="header skipped">Skipped Tests</th></tr>
          <tr>
        <td colspan="3" class="group">com.swarm.automation.swarm.test.SwarmAutoChat</td>
      </tr>
            
<tr>
  <td class="method">
                  ChatSendingAsimpleMessage
      </td>
  <td class="duration">
    0.000s
  </td>
  <td class="result">
                               
    
        

      </td>
</tr>
<tr>
  <td class="method">
                  ChatSendingAsimpleMessage
      </td>
  <td class="duration">
    0.000s
  </td>
  <td class="result">
                               
    
        

      </td>
</tr>
<tr>
  <td class="method">
                  ChatSendingAsimpleMessage
      </td>
  <td class="duration">
    0.000s
  </td>
  <td class="result">
                               
    
        

      </td>
</tr>
      </table>

  
</body>
</html>
