<?xml version="1.0" encoding="UTF-8"?>
<!-- Generated by org.testng.reporters.JUnitXMLReporter -->
<testsuite hostname="KO1D1042-KMOON" ignored="0" name="Test" tests="3" failures="1" timestamp="17 6ì›” 2019 02:29:23 GMT" time="125.913" errors="0">
  <testcase name="ChatSendingAsimpleMessage" time="13.537" classname="com.swarm.automation.swarm.test.SwarmRegressionTest1">
    <failure type="org.openqa.selenium.WebDriverException" message="An unknown server-side error occurred while processing the command. Original error: Error Domain=com.facebook.WebDriverAgent Code=1 &amp;quot;Keyboard is not present&amp;quot; UserInfo={NSLocalizedDescription=Keyboard is not present}
Build info: version: &amp;apos;3.141.59&amp;apos;, revision: &amp;apos;e82be7d358&amp;apos;, time: &amp;apos;2018-11-14T08:25:48&amp;apos;
System info: host: &amp;apos;KO1D1042-KMOON&amp;apos;, ip: &amp;apos;fe80:0:0:0:145a:c709:4958:2e3b%en0&amp;apos;, os.name: &amp;apos;Mac OS X&amp;apos;, os.arch: &amp;apos;x86_64&amp;apos;, os.version: &amp;apos;10.14.5&amp;apos;, java.version: &amp;apos;1.8.0_211&amp;apos;
Driver info: io.appium.java_client.ios.IOSDriver
Capabilities {NewCommandTimeout: 3600, browserName: , bundleId: com.divx.swarm.development, databaseEnabled: false, deviceName: iPhone, javascriptEnabled: true, locationContextEnabled: false, networkConnectionEnabled: false, platform: MAC, platformName: iOS, platformVersion: 12.2, takesScreenshot: true, udid: a7afe2de3ed08978940b538a078..., useNewWDA: true, webStorageEnabled: false, xcodeOrgId: F2JB92KEAG, xcodeSigningId: iPhone Developer}
Session ID: 5d7f4760-572b-42c2-97f2-793faef22f72">
      <![CDATA[org.openqa.selenium.WebDriverException: An unknown server-side error occurred while processing the command. Original error: Error Domain=com.facebook.WebDriverAgent Code=1 "Keyboard is not present" UserInfo={NSLocalizedDescription=Keyboard is not present}
Build info: version: '3.141.59', revision: 'e82be7d358', time: '2018-11-14T08:25:48'
System info: host: 'KO1D1042-KMOON', ip: 'fe80:0:0:0:145a:c709:4958:2e3b%en0', os.name: 'Mac OS X', os.arch: 'x86_64', os.version: '10.14.5', java.version: '1.8.0_211'
Driver info: io.appium.java_client.ios.IOSDriver
Capabilities {NewCommandTimeout: 3600, browserName: , bundleId: com.divx.swarm.development, databaseEnabled: false, deviceName: iPhone, javascriptEnabled: true, locationContextEnabled: false, networkConnectionEnabled: false, platform: MAC, platformName: iOS, platformVersion: 12.2, takesScreenshot: true, udid: a7afe2de3ed08978940b538a078..., useNewWDA: true, webStorageEnabled: false, xcodeOrgId: F2JB92KEAG, xcodeSigningId: iPhone Developer}
Session ID: 5d7f4760-572b-42c2-97f2-793faef22f72
at org.openqa.selenium.remote.http.W3CHttpResponseCodec.createException(W3CHttpResponseCodec.java:187)
at org.openqa.selenium.remote.http.W3CHttpResponseCodec.decode(W3CHttpResponseCodec.java:122)
at org.openqa.selenium.remote.http.W3CHttpResponseCodec.decode(W3CHttpResponseCodec.java:49)
at org.openqa.selenium.remote.HttpCommandExecutor.execute(HttpCommandExecutor.java:158)
at io.appium.java_client.remote.AppiumCommandExecutor.execute(AppiumCommandExecutor.java:239)
at org.openqa.selenium.remote.RemoteWebDriver.execute(RemoteWebDriver.java:552)
at io.appium.java_client.DefaultGenericMobileDriver.execute(DefaultGenericMobileDriver.java:42)
at io.appium.java_client.AppiumDriver.execute(AppiumDriver.java:1)
at io.appium.java_client.ios.IOSDriver.execute(IOSDriver.java:1)
at org.openqa.selenium.remote.RemoteWebElement.execute(RemoteWebElement.java:285)
at io.appium.java_client.DefaultGenericMobileElement.execute(DefaultGenericMobileElement.java:45)
at io.appium.java_client.MobileElement.execute(MobileElement.java:1)
at io.appium.java_client.ios.IOSElement.execute(IOSElement.java:1)
at org.openqa.selenium.remote.RemoteWebElement.sendKeys(RemoteWebElement.java:106)
at com.swarm.automation.swarm.test.SwarmRegressionTest1.ChatSendingAsimpleMessage(SwarmRegressionTest1.java:28)
... Removed 29 stack frames]]>
    </failure>
  </testcase> <!-- ChatSendingAsimpleMessage -->
  <testcase name="ChatSendingAsimpleMessage" time="13.15" classname="com.swarm.automation.swarm.test.SwarmRegressionTest1"/>
  <testcase name="ChatSendingAsimpleMessage" time="13.299" classname="com.swarm.automation.swarm.test.SwarmRegressionTest1"/>
</testsuite> <!-- Test -->
