<?xml version="1.0" encoding="UTF-8"?>
<!-- Generated by org.testng.reporters.JUnitXMLReporter -->
<testsuite ignored="0" hostname="KO1D1042-KMOON" failures="2" tests="2" name="Dependency Test" time="0.01" errors="0" timestamp="20 6ì›” 2019 05:52:37 GMT">
  <testcase classname="TestCase.Ken_TestNG_3" name="K3_TEST" time="0.002">
    <failure type="java.lang.AssertionError" message="K1_TEST">
      <![CDATA[java.lang.AssertionError: K1_TEST
at TestCase.Ken_TestNG_3.K3_TEST(Ken_TestNG_3.java:12)
... Removed 26 stack frames]]>
    </failure>
  </testcase> <!-- K3_TEST -->
  <testcase classname="TestCase.Ken_TestNG_3" name="K4_TEST" time="0.001">
    <failure type="java.lang.AssertionError" message="K1_TEST">
      <![CDATA[java.lang.AssertionError: K1_TEST
at TestCase.Ken_TestNG_3.K4_TEST(Ken_TestNG_3.java:20)
... Removed 26 stack frames]]>
    </failure>
  </testcase> <!-- K4_TEST -->
</testsuite> <!-- Dependency Test -->
