<?xml version="1.0" encoding="UTF-8"?>
<!-- Generated by org.testng.reporters.JUnitXMLReporter -->
<testsuite ignored="0" hostname="KO1D1042-KMOON" failures="2" tests="2" name="Validate Test" time="0.009" errors="0" timestamp="20 6ì›” 2019 05:52:37 GMT">
  <testcase classname="TestCase.Ken_TestNG_2" name="K1_TEST" time="0.002">
    <failure type="java.lang.AssertionError" message="K1_TEST">
      <![CDATA[java.lang.AssertionError: K1_TEST
at TestCase.Ken_TestNG_2.K1_TEST(Ken_TestNG_2.java:10)
... Removed 26 stack frames]]>
    </failure>
  </testcase> <!-- K1_TEST -->
  <testcase classname="TestCase.Ken_TestNG_2" name="K2_TEST" time="0.002">
    <failure type="java.lang.AssertionError" message="K1_TEST">
      <![CDATA[java.lang.AssertionError: K1_TEST
at TestCase.Ken_TestNG_2.K2_TEST(Ken_TestNG_2.java:17)
... Removed 26 stack frames]]>
    </failure>
  </testcase> <!-- K2_TEST -->
</testsuite> <!-- Validate Test -->
