<?xml version="1.0" encoding="UTF-8"?>
<!-- Generated by org.testng.reporters.JUnitReportReporter -->
<testsuite skipped="1" hostname="KO1D1042-KMOON" name="com.swarm.automation.swarm.test.Ken_Test1" tests="2" failures="0" timestamp="17 6ì›” 2019 01:24:23 GMT" time="13.176" errors="1">
  <testcase name="setUp" time="13.176" classname="com.swarm.automation.swarm.test.Ken_Test1">
    <error type="org.openqa.selenium.SessionNotCreatedException" message="Unable to create a new remote session. Please check the server log for more details. Original error: An unknown server-side error occurred while processing the command. Original error: Unable to launch WebDriverAgent because of xcodebuild failure: xcodebuild failed with code 65
xcodebuild error message:

2019-06-17 10:24:23.294 xcodebuild[14280:65654]  iPhoneConnect: ðŸ“±&lt;DVTiOSDevice (0x7ffe6ad81a80), Vincentâ€™s iPhone, iPhone, 12.3.1 (16F203), a7afe2de3ed08978940b538a078e44a99ff4a22c&gt; failed to install /Users/ken.moon/Library/Developer/Xcode/DerivedData/WebDriverAgent-dikkwtrisltbeobjmfvpthwwekvs/Build/Products/Debug-iphoneos/WebDriverAgentRunner-Runner.app - error Error Domain=com.apple.dtdevicekit Code=-402620395 &quot;App installation failed&quot; UserInfo={NSLocalizedDescription=App installation failed, com.apple.dtdevicekit.stacktrace=(
	0   DTDeviceKitBase                     0x000000011c20ca56 DTDKCreateNSError + 113
	1   DTDeviceKitBase                     0x000000011c20d2c5 DTDK_AMDErrorToNSError + 1177
	2   DTDeviceKitBase                     0x000000011c24d585 __90-[DTDKMobileDeviceToken installApplicationBundleAtPath:withOptions:andError:withCallback:]_block_invoke + 158
	3   DVTFoundation                       0x000000010db81411 DVTInvokeWithStrongOwnership + 73
	4   DTDeviceKitBase                     0x000000011c24d2b2 -[DTDKMobileDeviceToken installApplicationBundleAtPath:withOptions:andError:withCallback:] + 1439
	5   IDEiOSSupportCore                   0x000000011952a279 __118-[DVTiOSDevice(DVTiPhoneApplicationInstallation) processAppInstallSet:appUninstallSet:installOptions:completionBlock:]_block_invoke.338 + 4146
	6   DVTFoundation                       0x000000010dcb133e __DVTDispatchAsync_block_invoke + 801
	7   libdispatch.dylib                   0x00007fff687325f8 _dispatch_call_block_and_release + 12
	8   libdispatch.dylib                   0x00007fff6873363d _dispatch_client_callout + 8
	9   libdispatch.dylib                   0x00007fff687398e0 _dispatch_lane_serial_drain + 602
	10  libdispatch.dylib                   0x00007fff6873a396 _dispatch_lane_invoke + 385
	11  libdispatch.dylib                   0x00007fff687426ed _dispatch_workloop_worker_thread + 598
	12  libsystem_pthread.dylib             0x00007fff68973611 _pthread_wqthread + 421
	13  libsystem_pthread.dylib             0x00007fff689733fd start_wqthread + 13
), NSLocalizedRecoverySuggestion=A valid provisioning profile for this executable was not found., NSLocalizedFailureReason=A valid provisioning profile for this executable was not found.}
2019-06-17 10:24:23.298 xcodebuild[14280:65604] [MT] IDETestOperationsObserverDebug: 1.119 elapsed -- Testing started completed.
2019-06-17 10:24:23.298 xcodebuild[14280:65604] [MT] IDETestOperationsObserverDebug: 0.000 sec, +0.000 sec -- start
2019-06-17 10:24:23.298 xcodebuild[14280:65604] [MT] IDETestOperationsObserverDebug: 1.119 sec, +1.119 sec -- end
2019-06-17 10:24:23.299 xcodebuild[14280:65604] Error Domain=com.apple.dtdevicekit Code=-402620395 &quot;App installation failed&quot; UserInfo={NSLocalizedDescription=App installation failed, com.apple.dtdevicekit.stacktrace=(
	0   DTDeviceKitBase                     0x000000011c20ca56 DTDKCreateNSError + 113
	1   DTDeviceKitBase                     0x000000011c20d2c5 DTDK_AMDErrorToNSError + 1177
	2   DTDeviceKitBase                     0x000000011c24d585 __90-[DTDKMobileDeviceToken installApplicationBundleAtPath:withOptions:andError:withCallback:]_block_invoke + 158
	3   DVTFoundation                       0x000000010db81411 DVTInvokeWithStrongOwnership + 73
	4   DTDeviceKitBase                     0x000000011c24d2b2 -[DTDKMobileDeviceToken installApplicationBundleAtPath:withOptions:andError:withCallback:] + 1439
	5   IDEiOSSupportCore                   0x000000011952a279 __118-[DVTiOSDevice(DVTiPhoneApplicationInstallation) processAppInstallSet:appUninstallSet:installOptions:completionBlock:]_block_invoke.338 + 4146
	6   DVTFoundation                       0x000000010dcb133e __DVTDispatchAsync_block_invoke + 801
	7   libdispatch.dylib                   0x00007fff687325f8 _dispatch_call_block_and_release + 12
	8   libdispatch.dylib                   0x00007fff6873363d _dispatch_client_callout + 8
	9   libdispatch.dylib                   0x00007fff687398e0 _dispatch_lane_serial_drain + 602
	10  libdispatch.dylib                   0x00007fff6873a396 _dispatch_lane_invoke + 385
	11  libdispatch.dylib                   0x00007fff687426ed _dispatch_workloop_worker_thread + 598
	12  libsystem_pthread.dylib             0x00007fff68973611 _pthread_wqthread + 421
	13  libsystem_pthread.dylib             0x00007fff689733fd start_wqthread + 13
), NSLocalizedRecoverySuggestion=A valid provisioning profile for this executable was not found., NSLocalizedFailureReason=A valid provisioning profile for this executable was not found.}
*** If you believe this error represents a bug, please attach the result bundle at /Users/ken.moon/Library/Developer/Xcode/DerivedData/WebDriverAgent-dikkwtrisltbeobjmfvpthwwekvs/Logs/Test/Test-WebDriverAgentRunner-2019.06.17_10-24-21-+0900.xcresult
Testing failed:
	No profiles for &#039;com.facebook.IntegrationApp.Testingsss&#039; were found: Xcode couldn&#039;t find any iOS App Development provisioning profiles matching &#039;com.facebook.IntegrationApp.Testingsss&#039;. Automatic signing is disabled and unable to generate a profile. To enable automatic signing, pass -allowProvisioningUpdates to xcodebuild. (in target &#039;IntegrationApp&#039;)
	No profiles for &#039;com.facebook.WebDriverAgentRunner.Testingsss&#039; were found: Xcode couldn&#039;t find any iOS App Development provisioning profiles matching &#039;com.facebook.WebDriverAgentRunner.Testingsss&#039;. Automatic signing is disabled and unable to generate a profile. To enable automatic signing, pass -allowProvisioningUpdates to xcodebuild. (in target &#039;WebDriverAgentRunner&#039;)
	No signing certificate &quot;iOS Development&quot; found: No &quot;iOS Development&quot; signing certificate matching team ID &quot;F2JB92KEAG&quot; with a private key was found. (in target &#039;WebDriverAgentLib&#039;)
	WebDriverAgentRunner:
		WebDriverAgentRunner-Runner.app encountered an error (Failed to install or launch the test runner. (Underlying error: App installation failed. A valid provisioning profile for this executable was not found.))
Test session results and logs:
	/Users/ken.moon/Library/Developer/Xcode/DerivedData/WebDriverAgent-dikkwtrisltbeobjmfvpthwwekvs/Logs/Test/Test-WebDriverAgentRunner-2019.06.17_10-24-21-+0900.xcresult
** TEST EXECUTE FAILED **
Testing started on &#039;Vincentâ€™s iPhone&#039;. Make sure you follow the tutorial at https://github.com/appium/appium-xcuitest-driver/blob/master/docs/real-device-config.md. Try to remove the WebDriverAgentRunner application from the device if it is installed and reboot the device.
Build info: version: &#039;3.141.59&#039;, revision: &#039;e82be7d358&#039;, time: &#039;2018-11-14T08:25:48&#039;
System info: host: &#039;KO1D1042-KMOON&#039;, ip: &#039;fe80:0:0:0:145a:c709:4958:2e3b%en0&#039;, os.name: &#039;Mac OS X&#039;, os.arch: &#039;x86_64&#039;, os.version: &#039;10.14.5&#039;, java.version: &#039;1.8.0_211&#039;
Driver info: driver.version: IOSDriver
remote stacktrace: UnknownError: An unknown server-side error occurred while processing the command. Original error: Unable to launch WebDriverAgent because of xcodebuild failure: xcodebuild failed with code 65
xcodebuild error message:

2019-06-17 10:24:23.294 xcodebuild[14280:65654]  iPhoneConnect: ðŸ“±&lt;DVTiOSDevice (0x7ffe6ad81a80), Vincentâ€™s iPhone, iPhone, 12.3.1 (16F203), a7afe2de3ed08978940b538a078e44a99ff4a22c&gt; failed to install /Users/ken.moon/Library/Developer/Xcode/DerivedData/WebDriverAgent-dikkwtrisltbeobjmfvpthwwekvs/Build/Products/Debug-iphoneos/WebDriverAgentRunner-Runner.app - error Error Domain=com.apple.dtdevicekit Code=-402620395 &quot;App installation failed&quot; UserInfo={NSLocalizedDescription=App installation failed, com.apple.dtdevicekit.stacktrace=(
	0   DTDeviceKitBase                     0x000000011c20ca56 DTDKCreateNSError + 113
	1   DTDeviceKitBase                     0x000000011c20d2c5 DTDK_AMDErrorToNSError + 1177
	2   DTDeviceKitBase                     0x000000011c24d585 __90-[DTDKMobileDeviceToken installApplicationBundleAtPath:withOptions:andError:withCallback:]_block_invoke + 158
	3   DVTFoundation                       0x000000010db81411 DVTInvokeWithStrongOwnership + 73
	4   DTDeviceKitBase                     0x000000011c24d2b2 -[DTDKMobileDeviceToken installApplicationBundleAtPath:withOptions:andError:withCallback:] + 1439
	5   IDEiOSSupportCore                   0x000000011952a279 __118-[DVTiOSDevice(DVTiPhoneApplicationInstallation) processAppInstallSet:appUninstallSet:installOptions:completionBlock:]_block_invoke.338 + 4146
	6   DVTFoundation                       0x000000010dcb133e __DVTDispatchAsync_block_invoke + 801
	7   libdispatch.dylib                   0x00007fff687325f8 _dispatch_call_block_and_release + 12
	8   libdispatch.dylib                   0x00007fff6873363d _dispatch_client_callout + 8
	9   libdispatch.dylib                   0x00007fff687398e0 _dispatch_lane_serial_drain + 602
	10  libdispatch.dylib                   0x00007fff6873a396 _dispatch_lane_invoke + 385
	11  libdispatch.dylib                   0x00007fff687426ed _dispatch_workloop_worker_thread + 598
	12  libsystem_pthread.dylib             0x00007fff68973611 _pthread_wqthread + 421
	13  libsystem_pthread.dylib             0x00007fff689733fd start_wqthread + 13
), NSLocalizedRecoverySuggestion=A valid provisioning profile for this executable was not found., NSLocalizedFailureReason=A valid provisioning profile for this executable was not found.}
2019-06-17 10:24:23.298 xcodebuild[14280:65604] [MT] IDETestOperationsObserverDebug: 1.119 elapsed -- Testing started completed.
2019-06-17 10:24:23.298 xcodebuild[14280:65604] [MT] IDETestOperationsObserverDebug: 0.000 sec, +0.000 sec -- start
2019-06-17 10:24:23.298 xcodebuild[14280:65604] [MT] IDETestOperationsObserverDebug: 1.119 sec, +1.119 sec -- end
2019-06-17 10:24:23.299 xcodebuild[14280:65604] Error Domain=com.apple.dtdevicekit Code=-402620395 &quot;App installation failed&quot; UserInfo={NSLocalizedDescription=App installation failed, com.apple.dtdevicekit.stacktrace=(
	0   DTDeviceKitBase                     0x000000011c20ca56 DTDKCreateNSError + 113
	1   DTDeviceKitBase                     0x000000011c20d2c5 DTDK_AMDErrorToNSError + 1177
	2   DTDeviceKitBase                     0x000000011c24d585 __90-[DTDKMobileDeviceToken installApplicationBundleAtPath:withOptions:andError:withCallback:]_block_invoke + 158
	3   DVTFoundation                       0x000000010db81411 DVTInvokeWithStrongOwnership + 73
	4   DTDeviceKitBase                     0x000000011c24d2b2 -[DTDKMobileDeviceToken installApplicationBundleAtPath:withOptions:andError:withCallback:] + 1439
	5   IDEiOSSupportCore                   0x000000011952a279 __118-[DVTiOSDevice(DVTiPhoneApplicationInstallation) processAppInstallSet:appUninstallSet:installOptions:completionBlock:]_block_invoke.338 + 4146
	6   DVTFoundation                       0x000000010dcb133e __DVTDispatchAsync_block_invoke + 801
	7   libdispatch.dylib                   0x00007fff687325f8 _dispatch_call_block_and_release + 12
	8   libdispatch.dylib                   0x00007fff6873363d _dispatch_client_callout + 8
	9   libdispatch.dylib                   0x00007fff687398e0 _dispatch_lane_serial_drain + 602
	10  libdispatch.dylib                   0x00007fff6873a396 _dispatch_lane_invoke + 385
	11  libdispatch.dylib                   0x00007fff687426ed _dispatch_workloop_worker_thread + 598
	12  libsystem_pthread.dylib             0x00007fff68973611 _pthread_wqthread + 421
	13  libsystem_pthread.dylib             0x00007fff689733fd start_wqthread + 13
), NSLocalizedRecoverySuggestion=A valid provisioning profile for this executable was not found., NSLocalizedFailureReason=A valid provisioning profile for this executable was not found.}
*** If you believe this error represents a bug, please attach the result bundle at /Users/ken.moon/Library/Developer/Xcode/DerivedData/WebDriverAgent-dikkwtrisltbeobjmfvpthwwekvs/Logs/Test/Test-WebDriverAgentRunner-2019.06.17_10-24-21-+0900.xcresult
Testing failed:
	No profiles for &#039;com.facebook.IntegrationApp.Testingsss&#039; were found: Xcode couldn&#039;t find any iOS App Development provisioning profiles matching &#039;com.facebook.IntegrationApp.Testingsss&#039;. Automatic signing is disabled and unable to generate a profile. To enable automatic signing, pass -allowProvisioningUpdates to xcodebuild. (in target &#039;IntegrationApp&#039;)
	No profiles for &#039;com.facebook.WebDriverAgentRunner.Testingsss&#039; were found: Xcode couldn&#039;t find any iOS App Development provisioning profiles matching &#039;com.facebook.WebDriverAgentRunner.Testingsss&#039;. Automatic signing is disabled and unable to generate a profile. To enable automatic signing, pass -allowProvisioningUpdates to xcodebuild. (in target &#039;WebDriverAgentRunner&#039;)
	No signing certificate &quot;iOS Development&quot; found: No &quot;iOS Development&quot; signing certificate matching team ID &quot;F2JB92KEAG&quot; with a private key was found. (in target &#039;WebDriverAgentLib&#039;)
	WebDriverAgentRunner:
		WebDriverAgentRunner-Runner.app encountered an error (Failed to install or launch the test runner. (Underlying error: App installation failed. A valid provisioning profile for this executable was not found.))
Test session results and logs:
	/Users/ken.moon/Library/Developer/Xcode/DerivedData/WebDriverAgent-dikkwtrisltbeobjmfvpthwwekvs/Logs/Test/Test-WebDriverAgentRunner-2019.06.17_10-24-21-+0900.xcresult
** TEST EXECUTE FAILED **
Testing started on &#039;Vincentâ€™s iPhone&#039;. Make sure you follow the tutorial at https://github.com/appium/appium-xcuitest-driver/blob/master/docs/real-device-config.md. Try to remove the WebDriverAgentRunner application from the device if it is installed and reboot the device.
    at getResponseForW3CError (/Applications/Appium.app/Contents/Resources/app/node_modules/appium/node_modules/appium-base-driver/lib/protocol/errors.js:826:9)
    at asyncHandler (/Applications/Appium.app/Contents/Resources/app/node_modules/appium/node_modules/appium-base-driver/lib/protocol/protocol.js:447:37)
    at process._tickCallback (internal/process/next_tick.js:68:7)
Build info: version: &#039;3.141.59&#039;, revision: &#039;e82be7d358&#039;, time: &#039;2018-11-14T08:25:48&#039;
System info: host: &#039;KO1D1042-KMOON&#039;, ip: &#039;fe80:0:0:0:145a:c709:4958:2e3b%en0&#039;, os.name: &#039;Mac OS X&#039;, os.arch: &#039;x86_64&#039;, os.version: &#039;10.14.5&#039;, java.version: &#039;1.8.0_211&#039;
Driver info: driver.version: IOSDriver">
      <![CDATA[org.openqa.selenium.SessionNotCreatedException: Unable to create a new remote session. Please check the server log for more details. Original error: An unknown server-side error occurred while processing the command. Original error: Unable to launch WebDriverAgent because of xcodebuild failure: xcodebuild failed with code 65
xcodebuild error message:

2019-06-17 10:24:23.294 xcodebuild[14280:65654]  iPhoneConnect: ðŸ“±<DVTiOSDevice (0x7ffe6ad81a80), Vincentâ€™s iPhone, iPhone, 12.3.1 (16F203), a7afe2de3ed08978940b538a078e44a99ff4a22c> failed to install /Users/ken.moon/Library/Developer/Xcode/DerivedData/WebDriverAgent-dikkwtrisltbeobjmfvpthwwekvs/Build/Products/Debug-iphoneos/WebDriverAgentRunner-Runner.app - error Error Domain=com.apple.dtdevicekit Code=-402620395 "App installation failed" UserInfo={NSLocalizedDescription=App installation failed, com.apple.dtdevicekit.stacktrace=(
0   DTDeviceKitBase                     0x000000011c20ca56 DTDKCreateNSError + 113
1   DTDeviceKitBase                     0x000000011c20d2c5 DTDK_AMDErrorToNSError + 1177
2   DTDeviceKitBase                     0x000000011c24d585 __90-[DTDKMobileDeviceToken installApplicationBundleAtPath:withOptions:andError:withCallback:]_block_invoke + 158
3   DVTFoundation                       0x000000010db81411 DVTInvokeWithStrongOwnership + 73
4   DTDeviceKitBase                     0x000000011c24d2b2 -[DTDKMobileDeviceToken installApplicationBundleAtPath:withOptions:andError:withCallback:] + 1439
5   IDEiOSSupportCore                   0x000000011952a279 __118-[DVTiOSDevice(DVTiPhoneApplicationInstallation) processAppInstallSet:appUninstallSet:installOptions:completionBlock:]_block_invoke.338 + 4146
6   DVTFoundation                       0x000000010dcb133e __DVTDispatchAsync_block_invoke + 801
7   libdispatch.dylib                   0x00007fff687325f8 _dispatch_call_block_and_release + 12
8   libdispatch.dylib                   0x00007fff6873363d _dispatch_client_callout + 8
9   libdispatch.dylib                   0x00007fff687398e0 _dispatch_lane_serial_drain + 602
10  libdispatch.dylib                   0x00007fff6873a396 _dispatch_lane_invoke + 385
11  libdispatch.dylib                   0x00007fff687426ed _dispatch_workloop_worker_thread + 598
12  libsystem_pthread.dylib             0x00007fff68973611 _pthread_wqthread + 421
13  libsystem_pthread.dylib             0x00007fff689733fd start_wqthread + 13
), NSLocalizedRecoverySuggestion=A valid provisioning profile for this executable was not found., NSLocalizedFailureReason=A valid provisioning profile for this executable was not found.}
2019-06-17 10:24:23.298 xcodebuild[14280:65604] [MT] IDETestOperationsObserverDebug: 1.119 elapsed -- Testing started completed.
2019-06-17 10:24:23.298 xcodebuild[14280:65604] [MT] IDETestOperationsObserverDebug: 0.000 sec, +0.000 sec -- start
2019-06-17 10:24:23.298 xcodebuild[14280:65604] [MT] IDETestOperationsObserverDebug: 1.119 sec, +1.119 sec -- end
2019-06-17 10:24:23.299 xcodebuild[14280:65604] Error Domain=com.apple.dtdevicekit Code=-402620395 "App installation failed" UserInfo={NSLocalizedDescription=App installation failed, com.apple.dtdevicekit.stacktrace=(
0   DTDeviceKitBase                     0x000000011c20ca56 DTDKCreateNSError + 113
1   DTDeviceKitBase                     0x000000011c20d2c5 DTDK_AMDErrorToNSError + 1177
2   DTDeviceKitBase                     0x000000011c24d585 __90-[DTDKMobileDeviceToken installApplicationBundleAtPath:withOptions:andError:withCallback:]_block_invoke + 158
3   DVTFoundation                       0x000000010db81411 DVTInvokeWithStrongOwnership + 73
4   DTDeviceKitBase                     0x000000011c24d2b2 -[DTDKMobileDeviceToken installApplicationBundleAtPath:withOptions:andError:withCallback:] + 1439
5   IDEiOSSupportCore                   0x000000011952a279 __118-[DVTiOSDevice(DVTiPhoneApplicationInstallation) processAppInstallSet:appUninstallSet:installOptions:completionBlock:]_block_invoke.338 + 4146
6   DVTFoundation                       0x000000010dcb133e __DVTDispatchAsync_block_invoke + 801
7   libdispatch.dylib                   0x00007fff687325f8 _dispatch_call_block_and_release + 12
8   libdispatch.dylib                   0x00007fff6873363d _dispatch_client_callout + 8
9   libdispatch.dylib                   0x00007fff687398e0 _dispatch_lane_serial_drain + 602
10  libdispatch.dylib                   0x00007fff6873a396 _dispatch_lane_invoke + 385
11  libdispatch.dylib                   0x00007fff687426ed _dispatch_workloop_worker_thread + 598
12  libsystem_pthread.dylib             0x00007fff68973611 _pthread_wqthread + 421
13  libsystem_pthread.dylib             0x00007fff689733fd start_wqthread + 13
), NSLocalizedRecoverySuggestion=A valid provisioning profile for this executable was not found., NSLocalizedFailureReason=A valid provisioning profile for this executable was not found.}
*** If you believe this error represents a bug, please attach the result bundle at /Users/ken.moon/Library/Developer/Xcode/DerivedData/WebDriverAgent-dikkwtrisltbeobjmfvpthwwekvs/Logs/Test/Test-WebDriverAgentRunner-2019.06.17_10-24-21-+0900.xcresult
Testing failed:
No profiles for 'com.facebook.IntegrationApp.Testingsss' were found: Xcode couldn't find any iOS App Development provisioning profiles matching 'com.facebook.IntegrationApp.Testingsss'. Automatic signing is disabled and unable to generate a profile. To enable automatic signing, pass -allowProvisioningUpdates to xcodebuild. (in target 'IntegrationApp')
No profiles for 'com.facebook.WebDriverAgentRunner.Testingsss' were found: Xcode couldn't find any iOS App Development provisioning profiles matching 'com.facebook.WebDriverAgentRunner.Testingsss'. Automatic signing is disabled and unable to generate a profile. To enable automatic signing, pass -allowProvisioningUpdates to xcodebuild. (in target 'WebDriverAgentRunner')
No signing certificate "iOS Development" found: No "iOS Development" signing certificate matching team ID "F2JB92KEAG" with a private key was found. (in target 'WebDriverAgentLib')
WebDriverAgentRunner:
WebDriverAgentRunner-Runner.app encountered an error (Failed to install or launch the test runner. (Underlying error: App installation failed. A valid provisioning profile for this executable was not found.))
Test session results and logs:
/Users/ken.moon/Library/Developer/Xcode/DerivedData/WebDriverAgent-dikkwtrisltbeobjmfvpthwwekvs/Logs/Test/Test-WebDriverAgentRunner-2019.06.17_10-24-21-+0900.xcresult
** TEST EXECUTE FAILED **
Testing started on 'Vincentâ€™s iPhone'. Make sure you follow the tutorial at https://github.com/appium/appium-xcuitest-driver/blob/master/docs/real-device-config.md. Try to remove the WebDriverAgentRunner application from the device if it is installed and reboot the device.
Build info: version: '3.141.59', revision: 'e82be7d358', time: '2018-11-14T08:25:48'
System info: host: 'KO1D1042-KMOON', ip: 'fe80:0:0:0:145a:c709:4958:2e3b%en0', os.name: 'Mac OS X', os.arch: 'x86_64', os.version: '10.14.5', java.version: '1.8.0_211'
Driver info: driver.version: IOSDriver
remote stacktrace: UnknownError: An unknown server-side error occurred while processing the command. Original error: Unable to launch WebDriverAgent because of xcodebuild failure: xcodebuild failed with code 65
xcodebuild error message:

2019-06-17 10:24:23.294 xcodebuild[14280:65654]  iPhoneConnect: ðŸ“±<DVTiOSDevice (0x7ffe6ad81a80), Vincentâ€™s iPhone, iPhone, 12.3.1 (16F203), a7afe2de3ed08978940b538a078e44a99ff4a22c> failed to install /Users/ken.moon/Library/Developer/Xcode/DerivedData/WebDriverAgent-dikkwtrisltbeobjmfvpthwwekvs/Build/Products/Debug-iphoneos/WebDriverAgentRunner-Runner.app - error Error Domain=com.apple.dtdevicekit Code=-402620395 "App installation failed" UserInfo={NSLocalizedDescription=App installation failed, com.apple.dtdevicekit.stacktrace=(
0   DTDeviceKitBase                     0x000000011c20ca56 DTDKCreateNSError + 113
1   DTDeviceKitBase                     0x000000011c20d2c5 DTDK_AMDErrorToNSError + 1177
2   DTDeviceKitBase                     0x000000011c24d585 __90-[DTDKMobileDeviceToken installApplicationBundleAtPath:withOptions:andError:withCallback:]_block_invoke + 158
3   DVTFoundation                       0x000000010db81411 DVTInvokeWithStrongOwnership + 73
4   DTDeviceKitBase                     0x000000011c24d2b2 -[DTDKMobileDeviceToken installApplicationBundleAtPath:withOptions:andError:withCallback:] + 1439
5   IDEiOSSupportCore                   0x000000011952a279 __118-[DVTiOSDevice(DVTiPhoneApplicationInstallation) processAppInstallSet:appUninstallSet:installOptions:completionBlock:]_block_invoke.338 + 4146
6   DVTFoundation                       0x000000010dcb133e __DVTDispatchAsync_block_invoke + 801
7   libdispatch.dylib                   0x00007fff687325f8 _dispatch_call_block_and_release + 12
8   libdispatch.dylib                   0x00007fff6873363d _dispatch_client_callout + 8
9   libdispatch.dylib                   0x00007fff687398e0 _dispatch_lane_serial_drain + 602
10  libdispatch.dylib                   0x00007fff6873a396 _dispatch_lane_invoke + 385
11  libdispatch.dylib                   0x00007fff687426ed _dispatch_workloop_worker_thread + 598
12  libsystem_pthread.dylib             0x00007fff68973611 _pthread_wqthread + 421
13  libsystem_pthread.dylib             0x00007fff689733fd start_wqthread + 13
), NSLocalizedRecoverySuggestion=A valid provisioning profile for this executable was not found., NSLocalizedFailureReason=A valid provisioning profile for this executable was not found.}
2019-06-17 10:24:23.298 xcodebuild[14280:65604] [MT] IDETestOperationsObserverDebug: 1.119 elapsed -- Testing started completed.
2019-06-17 10:24:23.298 xcodebuild[14280:65604] [MT] IDETestOperationsObserverDebug: 0.000 sec, +0.000 sec -- start
2019-06-17 10:24:23.298 xcodebuild[14280:65604] [MT] IDETestOperationsObserverDebug: 1.119 sec, +1.119 sec -- end
2019-06-17 10:24:23.299 xcodebuild[14280:65604] Error Domain=com.apple.dtdevicekit Code=-402620395 "App installation failed" UserInfo={NSLocalizedDescription=App installation failed, com.apple.dtdevicekit.stacktrace=(
0   DTDeviceKitBase                     0x000000011c20ca56 DTDKCreateNSError + 113
1   DTDeviceKitBase                     0x000000011c20d2c5 DTDK_AMDErrorToNSError + 1177
2   DTDeviceKitBase                     0x000000011c24d585 __90-[DTDKMobileDeviceToken installApplicationBundleAtPath:withOptions:andError:withCallback:]_block_invoke + 158
3   DVTFoundation                       0x000000010db81411 DVTInvokeWithStrongOwnership + 73
4   DTDeviceKitBase                     0x000000011c24d2b2 -[DTDKMobileDeviceToken installApplicationBundleAtPath:withOptions:andError:withCallback:] + 1439
5   IDEiOSSupportCore                   0x000000011952a279 __118-[DVTiOSDevice(DVTiPhoneApplicationInstallation) processAppInstallSet:appUninstallSet:installOptions:completionBlock:]_block_invoke.338 + 4146
6   DVTFoundation                       0x000000010dcb133e __DVTDispatchAsync_block_invoke + 801
7   libdispatch.dylib                   0x00007fff687325f8 _dispatch_call_block_and_release + 12
8   libdispatch.dylib                   0x00007fff6873363d _dispatch_client_callout + 8
9   libdispatch.dylib                   0x00007fff687398e0 _dispatch_lane_serial_drain + 602
10  libdispatch.dylib                   0x00007fff6873a396 _dispatch_lane_invoke + 385
11  libdispatch.dylib                   0x00007fff687426ed _dispatch_workloop_worker_thread + 598
12  libsystem_pthread.dylib             0x00007fff68973611 _pthread_wqthread + 421
13  libsystem_pthread.dylib             0x00007fff689733fd start_wqthread + 13
), NSLocalizedRecoverySuggestion=A valid provisioning profile for this executable was not found., NSLocalizedFailureReason=A valid provisioning profile for this executable was not found.}
*** If you believe this error represents a bug, please attach the result bundle at /Users/ken.moon/Library/Developer/Xcode/DerivedData/WebDriverAgent-dikkwtrisltbeobjmfvpthwwekvs/Logs/Test/Test-WebDriverAgentRunner-2019.06.17_10-24-21-+0900.xcresult
Testing failed:
No profiles for 'com.facebook.IntegrationApp.Testingsss' were found: Xcode couldn't find any iOS App Development provisioning profiles matching 'com.facebook.IntegrationApp.Testingsss'. Automatic signing is disabled and unable to generate a profile. To enable automatic signing, pass -allowProvisioningUpdates to xcodebuild. (in target 'IntegrationApp')
No profiles for 'com.facebook.WebDriverAgentRunner.Testingsss' were found: Xcode couldn't find any iOS App Development provisioning profiles matching 'com.facebook.WebDriverAgentRunner.Testingsss'. Automatic signing is disabled and unable to generate a profile. To enable automatic signing, pass -allowProvisioningUpdates to xcodebuild. (in target 'WebDriverAgentRunner')
No signing certificate "iOS Development" found: No "iOS Development" signing certificate matching team ID "F2JB92KEAG" with a private key was found. (in target 'WebDriverAgentLib')
WebDriverAgentRunner:
WebDriverAgentRunner-Runner.app encountered an error (Failed to install or launch the test runner. (Underlying error: App installation failed. A valid provisioning profile for this executable was not found.))
Test session results and logs:
/Users/ken.moon/Library/Developer/Xcode/DerivedData/WebDriverAgent-dikkwtrisltbeobjmfvpthwwekvs/Logs/Test/Test-WebDriverAgentRunner-2019.06.17_10-24-21-+0900.xcresult
** TEST EXECUTE FAILED **
Testing started on 'Vincentâ€™s iPhone'. Make sure you follow the tutorial at https://github.com/appium/appium-xcuitest-driver/blob/master/docs/real-device-config.md. Try to remove the WebDriverAgentRunner application from the device if it is installed and reboot the device.
    at getResponseForW3CError (/Applications/Appium.app/Contents/Resources/app/node_modules/appium/node_modules/appium-base-driver/lib/protocol/errors.js:826:9)
    at asyncHandler (/Applications/Appium.app/Contents/Resources/app/node_modules/appium/node_modules/appium-base-driver/lib/protocol/protocol.js:447:37)
    at process._tickCallback (internal/process/next_tick.js:68:7)
Build info: version: '3.141.59', revision: 'e82be7d358', time: '2018-11-14T08:25:48'
System info: host: 'KO1D1042-KMOON', ip: 'fe80:0:0:0:145a:c709:4958:2e3b%en0', os.name: 'Mac OS X', os.arch: 'x86_64', os.version: '10.14.5', java.version: '1.8.0_211'
Driver info: driver.version: IOSDriver
at io.appium.java_client.remote.AppiumCommandExecutor$1.createSession(AppiumCommandExecutor.java:208)
at io.appium.java_client.remote.AppiumCommandExecutor.createSession(AppiumCommandExecutor.java:217)
at io.appium.java_client.remote.AppiumCommandExecutor.execute(AppiumCommandExecutor.java:239)
at org.openqa.selenium.remote.RemoteWebDriver.execute(RemoteWebDriver.java:552)
at io.appium.java_client.DefaultGenericMobileDriver.execute(DefaultGenericMobileDriver.java:42)
at io.appium.java_client.AppiumDriver.execute(AppiumDriver.java:1)
at io.appium.java_client.ios.IOSDriver.execute(IOSDriver.java:1)
at org.openqa.selenium.remote.RemoteWebDriver.startSession(RemoteWebDriver.java:213)
at org.openqa.selenium.remote.RemoteWebDriver.<init>(RemoteWebDriver.java:131)
at io.appium.java_client.DefaultGenericMobileDriver.<init>(DefaultGenericMobileDriver.java:38)
at io.appium.java_client.AppiumDriver.<init>(AppiumDriver.java:84)
at io.appium.java_client.AppiumDriver.<init>(AppiumDriver.java:94)
at io.appium.java_client.ios.IOSDriver.<init>(IOSDriver.java:95)
at com.swarm.automation.swarm.test.Ken_Test1.setUp(Ken_Test1.java:88)
at sun.reflect.NativeMethodAccessorImpl.invoke0(Native Method)
at sun.reflect.NativeMethodAccessorImpl.invoke(NativeMethodAccessorImpl.java:62)
at sun.reflect.DelegatingMethodAccessorImpl.invoke(DelegatingMethodAccessorImpl.java:43)
at java.lang.reflect.Method.invoke(Method.java:498)
at org.testng.internal.MethodInvocationHelper.invokeMethod(MethodInvocationHelper.java:124)
at org.testng.internal.MethodInvocationHelper.invokeMethodConsideringTimeout(MethodInvocationHelper.java:59)
at org.testng.internal.Invoker.invokeConfigurationMethod(Invoker.java:458)
at org.testng.internal.Invoker.invokeConfigurations(Invoker.java:222)
at org.testng.internal.Invoker.invokeMethod(Invoker.java:523)
at org.testng.internal.Invoker.invokeTestMethod(Invoker.java:719)
at org.testng.internal.Invoker.invokeTestMethods(Invoker.java:989)
at org.testng.internal.TestMethodWorker.invokeTestMethods(TestMethodWorker.java:125)
at org.testng.internal.TestMethodWorker.run(TestMethodWorker.java:109)
at org.testng.TestRunner.privateRun(TestRunner.java:648)
at org.testng.TestRunner.run(TestRunner.java:505)
at org.testng.SuiteRunner.runTest(SuiteRunner.java:455)
at org.testng.SuiteRunner.runSequentially(SuiteRunner.java:450)
at org.testng.SuiteRunner.privateRun(SuiteRunner.java:415)
at org.testng.SuiteRunner.run(SuiteRunner.java:364)
at org.testng.SuiteRunnerWorker.runSuite(SuiteRunnerWorker.java:52)
at org.testng.SuiteRunnerWorker.run(SuiteRunnerWorker.java:84)
at org.testng.TestNG.runSuitesSequentially(TestNG.java:1208)
at org.testng.TestNG.runSuitesLocally(TestNG.java:1137)
at org.testng.TestNG.runSuites(TestNG.java:1049)
at org.testng.TestNG.run(TestNG.java:1017)
at org.testng.remote.AbstractRemoteTestNG.run(AbstractRemoteTestNG.java:115)
at org.testng.remote.RemoteTestNG.initAndRun(RemoteTestNG.java:251)
at org.testng.remote.RemoteTestNG.main(RemoteTestNG.java:77)
Caused by: java.lang.reflect.InvocationTargetException
at sun.reflect.NativeMethodAccessorImpl.invoke0(Native Method)
at sun.reflect.NativeMethodAccessorImpl.invoke(NativeMethodAccessorImpl.java:62)
at sun.reflect.DelegatingMethodAccessorImpl.invoke(DelegatingMethodAccessorImpl.java:43)
at java.lang.reflect.Method.invoke(Method.java:498)
at io.appium.java_client.remote.AppiumCommandExecutor$1.createSession(AppiumCommandExecutor.java:186)
... 41 more
Caused by: org.openqa.selenium.WebDriverException: An unknown server-side error occurred while processing the command. Original error: Unable to launch WebDriverAgent because of xcodebuild failure: xcodebuild failed with code 65
xcodebuild error message:

2019-06-17 10:24:23.294 xcodebuild[14280:65654]  iPhoneConnect: ðŸ“±<DVTiOSDevice (0x7ffe6ad81a80), Vincentâ€™s iPhone, iPhone, 12.3.1 (16F203), a7afe2de3ed08978940b538a078e44a99ff4a22c> failed to install /Users/ken.moon/Library/Developer/Xcode/DerivedData/WebDriverAgent-dikkwtrisltbeobjmfvpthwwekvs/Build/Products/Debug-iphoneos/WebDriverAgentRunner-Runner.app - error Error Domain=com.apple.dtdevicekit Code=-402620395 "App installation failed" UserInfo={NSLocalizedDescription=App installation failed, com.apple.dtdevicekit.stacktrace=(
0   DTDeviceKitBase                     0x000000011c20ca56 DTDKCreateNSError + 113
1   DTDeviceKitBase                     0x000000011c20d2c5 DTDK_AMDErrorToNSError + 1177
2   DTDeviceKitBase                     0x000000011c24d585 __90-[DTDKMobileDeviceToken installApplicationBundleAtPath:withOptions:andError:withCallback:]_block_invoke + 158
3   DVTFoundation                       0x000000010db81411 DVTInvokeWithStrongOwnership + 73
4   DTDeviceKitBase                     0x000000011c24d2b2 -[DTDKMobileDeviceToken installApplicationBundleAtPath:withOptions:andError:withCallback:] + 1439
5   IDEiOSSupportCore                   0x000000011952a279 __118-[DVTiOSDevice(DVTiPhoneApplicationInstallation) processAppInstallSet:appUninstallSet:installOptions:completionBlock:]_block_invoke.338 + 4146
6   DVTFoundation                       0x000000010dcb133e __DVTDispatchAsync_block_invoke + 801
7   libdispatch.dylib                   0x00007fff687325f8 _dispatch_call_block_and_release + 12
8   libdispatch.dylib                   0x00007fff6873363d _dispatch_client_callout + 8
9   libdispatch.dylib                   0x00007fff687398e0 _dispatch_lane_serial_drain + 602
10  libdispatch.dylib                   0x00007fff6873a396 _dispatch_lane_invoke + 385
11  libdispatch.dylib                   0x00007fff687426ed _dispatch_workloop_worker_thread + 598
12  libsystem_pthread.dylib             0x00007fff68973611 _pthread_wqthread + 421
13  libsystem_pthread.dylib             0x00007fff689733fd start_wqthread + 13
), NSLocalizedRecoverySuggestion=A valid provisioning profile for this executable was not found., NSLocalizedFailureReason=A valid provisioning profile for this executable was not found.}
2019-06-17 10:24:23.298 xcodebuild[14280:65604] [MT] IDETestOperationsObserverDebug: 1.119 elapsed -- Testing started completed.
2019-06-17 10:24:23.298 xcodebuild[14280:65604] [MT] IDETestOperationsObserverDebug: 0.000 sec, +0.000 sec -- start
2019-06-17 10:24:23.298 xcodebuild[14280:65604] [MT] IDETestOperationsObserverDebug: 1.119 sec, +1.119 sec -- end
2019-06-17 10:24:23.299 xcodebuild[14280:65604] Error Domain=com.apple.dtdevicekit Code=-402620395 "App installation failed" UserInfo={NSLocalizedDescription=App installation failed, com.apple.dtdevicekit.stacktrace=(
0   DTDeviceKitBase                     0x000000011c20ca56 DTDKCreateNSError + 113
1   DTDeviceKitBase                     0x000000011c20d2c5 DTDK_AMDErrorToNSError + 1177
2   DTDeviceKitBase                     0x000000011c24d585 __90-[DTDKMobileDeviceToken installApplicationBundleAtPath:withOptions:andError:withCallback:]_block_invoke + 158
3   DVTFoundation                       0x000000010db81411 DVTInvokeWithStrongOwnership + 73
4   DTDeviceKitBase                     0x000000011c24d2b2 -[DTDKMobileDeviceToken installApplicationBundleAtPath:withOptions:andError:withCallback:] + 1439
5   IDEiOSSupportCore                   0x000000011952a279 __118-[DVTiOSDevice(DVTiPhoneApplicationInstallation) processAppInstallSet:appUninstallSet:installOptions:completionBlock:]_block_invoke.338 + 4146
6   DVTFoundation                       0x000000010dcb133e __DVTDispatchAsync_block_invoke + 801
7   libdispatch.dylib                   0x00007fff687325f8 _dispatch_call_block_and_release + 12
8   libdispatch.dylib                   0x00007fff6873363d _dispatch_client_callout + 8
9   libdispatch.dylib                   0x00007fff687398e0 _dispatch_lane_serial_drain + 602
10  libdispatch.dylib                   0x00007fff6873a396 _dispatch_lane_invoke + 385
11  libdispatch.dylib                   0x00007fff687426ed _dispatch_workloop_worker_thread + 598
12  libsystem_pthread.dylib             0x00007fff68973611 _pthread_wqthread + 421
13  libsystem_pthread.dylib             0x00007fff689733fd start_wqthread + 13
), NSLocalizedRecoverySuggestion=A valid provisioning profile for this executable was not found., NSLocalizedFailureReason=A valid provisioning profile for this executable was not found.}
*** If you believe this error represents a bug, please attach the result bundle at /Users/ken.moon/Library/Developer/Xcode/DerivedData/WebDriverAgent-dikkwtrisltbeobjmfvpthwwekvs/Logs/Test/Test-WebDriverAgentRunner-2019.06.17_10-24-21-+0900.xcresult
Testing failed:
No profiles for 'com.facebook.IntegrationApp.Testingsss' were found: Xcode couldn't find any iOS App Development provisioning profiles matching 'com.facebook.IntegrationApp.Testingsss'. Automatic signing is disabled and unable to generate a profile. To enable automatic signing, pass -allowProvisioningUpdates to xcodebuild. (in target 'IntegrationApp')
No profiles for 'com.facebook.WebDriverAgentRunner.Testingsss' were found: Xcode couldn't find any iOS App Development provisioning profiles matching 'com.facebook.WebDriverAgentRunner.Testingsss'. Automatic signing is disabled and unable to generate a profile. To enable automatic signing, pass -allowProvisioningUpdates to xcodebuild. (in target 'WebDriverAgentRunner')
No signing certificate "iOS Development" found: No "iOS Development" signing certificate matching team ID "F2JB92KEAG" with a private key was found. (in target 'WebDriverAgentLib')
WebDriverAgentRunner:
WebDriverAgentRunner-Runner.app encountered an error (Failed to install or launch the test runner. (Underlying error: App installation failed. A valid provisioning profile for this executable was not found.))
Test session results and logs:
/Users/ken.moon/Library/Developer/Xcode/DerivedData/WebDriverAgent-dikkwtrisltbeobjmfvpthwwekvs/Logs/Test/Test-WebDriverAgentRunner-2019.06.17_10-24-21-+0900.xcresult
** TEST EXECUTE FAILED **
Testing started on 'Vincentâ€™s iPhone'. Make sure you follow the tutorial at https://github.com/appium/appium-xcuitest-driver/blob/master/docs/real-device-config.md. Try to remove the WebDriverAgentRunner application from the device if it is installed and reboot the device.
Build info: version: '3.141.59', revision: 'e82be7d358', time: '2018-11-14T08:25:48'
System info: host: 'KO1D1042-KMOON', ip: 'fe80:0:0:0:145a:c709:4958:2e3b%en0', os.name: 'Mac OS X', os.arch: 'x86_64', os.version: '10.14.5', java.version: '1.8.0_211'
Driver info: driver.version: IOSDriver
remote stacktrace: UnknownError: An unknown server-side error occurred while processing the command. Original error: Unable to launch WebDriverAgent because of xcodebuild failure: xcodebuild failed with code 65
xcodebuild error message:

2019-06-17 10:24:23.294 xcodebuild[14280:65654]  iPhoneConnect: ðŸ“±<DVTiOSDevice (0x7ffe6ad81a80), Vincentâ€™s iPhone, iPhone, 12.3.1 (16F203), a7afe2de3ed08978940b538a078e44a99ff4a22c> failed to install /Users/ken.moon/Library/Developer/Xcode/DerivedData/WebDriverAgent-dikkwtrisltbeobjmfvpthwwekvs/Build/Products/Debug-iphoneos/WebDriverAgentRunner-Runner.app - error Error Domain=com.apple.dtdevicekit Code=-402620395 "App installation failed" UserInfo={NSLocalizedDescription=App installation failed, com.apple.dtdevicekit.stacktrace=(
0   DTDeviceKitBase                     0x000000011c20ca56 DTDKCreateNSError + 113
1   DTDeviceKitBase                     0x000000011c20d2c5 DTDK_AMDErrorToNSError + 1177
2   DTDeviceKitBase                     0x000000011c24d585 __90-[DTDKMobileDeviceToken installApplicationBundleAtPath:withOptions:andError:withCallback:]_block_invoke + 158
3   DVTFoundation                       0x000000010db81411 DVTInvokeWithStrongOwnership + 73
4   DTDeviceKitBase                     0x000000011c24d2b2 -[DTDKMobileDeviceToken installApplicationBundleAtPath:withOptions:andError:withCallback:] + 1439
5   IDEiOSSupportCore                   0x000000011952a279 __118-[DVTiOSDevice(DVTiPhoneApplicationInstallation) processAppInstallSet:appUninstallSet:installOptions:completionBlock:]_block_invoke.338 + 4146
6   DVTFoundation                       0x000000010dcb133e __DVTDispatchAsync_block_invoke + 801
7   libdispatch.dylib                   0x00007fff687325f8 _dispatch_call_block_and_release + 12
8   libdispatch.dylib                   0x00007fff6873363d _dispatch_client_callout + 8
9   libdispatch.dylib                   0x00007fff687398e0 _dispatch_lane_serial_drain + 602
10  libdispatch.dylib                   0x00007fff6873a396 _dispatch_lane_invoke + 385
11  libdispatch.dylib                   0x00007fff687426ed _dispatch_workloop_worker_thread + 598
12  libsystem_pthread.dylib             0x00007fff68973611 _pthread_wqthread + 421
13  libsystem_pthread.dylib             0x00007fff689733fd start_wqthread + 13
), NSLocalizedRecoverySuggestion=A valid provisioning profile for this executable was not found., NSLocalizedFailureReason=A valid provisioning profile for this executable was not found.}
2019-06-17 10:24:23.298 xcodebuild[14280:65604] [MT] IDETestOperationsObserverDebug: 1.119 elapsed -- Testing started completed.
2019-06-17 10:24:23.298 xcodebuild[14280:65604] [MT] IDETestOperationsObserverDebug: 0.000 sec, +0.000 sec -- start
2019-06-17 10:24:23.298 xcodebuild[14280:65604] [MT] IDETestOperationsObserverDebug: 1.119 sec, +1.119 sec -- end
2019-06-17 10:24:23.299 xcodebuild[14280:65604] Error Domain=com.apple.dtdevicekit Code=-402620395 "App installation failed" UserInfo={NSLocalizedDescription=App installation failed, com.apple.dtdevicekit.stacktrace=(
0   DTDeviceKitBase                     0x000000011c20ca56 DTDKCreateNSError + 113
1   DTDeviceKitBase                     0x000000011c20d2c5 DTDK_AMDErrorToNSError + 1177
2   DTDeviceKitBase                     0x000000011c24d585 __90-[DTDKMobileDeviceToken installApplicationBundleAtPath:withOptions:andError:withCallback:]_block_invoke + 158
3   DVTFoundation                       0x000000010db81411 DVTInvokeWithStrongOwnership + 73
4   DTDeviceKitBase                     0x000000011c24d2b2 -[DTDKMobileDeviceToken installApplicationBundleAtPath:withOptions:andError:withCallback:] + 1439
5   IDEiOSSupportCore                   0x000000011952a279 __118-[DVTiOSDevice(DVTiPhoneApplicationInstallation) processAppInstallSet:appUninstallSet:installOptions:completionBlock:]_block_invoke.338 + 4146
6   DVTFoundation                       0x000000010dcb133e __DVTDispatchAsync_block_invoke + 801
7   libdispatch.dylib                   0x00007fff687325f8 _dispatch_call_block_and_release + 12
8   libdispatch.dylib                   0x00007fff6873363d _dispatch_client_callout + 8
9   libdispatch.dylib                   0x00007fff687398e0 _dispatch_lane_serial_drain + 602
10  libdispatch.dylib                   0x00007fff6873a396 _dispatch_lane_invoke + 385
11  libdispatch.dylib                   0x00007fff687426ed _dispatch_workloop_worker_thread + 598
12  libsystem_pthread.dylib             0x00007fff68973611 _pthread_wqthread + 421
13  libsystem_pthread.dylib             0x00007fff689733fd start_wqthread + 13
), NSLocalizedRecoverySuggestion=A valid provisioning profile for this executable was not found., NSLocalizedFailureReason=A valid provisioning profile for this executable was not found.}
*** If you believe this error represents a bug, please attach the result bundle at /Users/ken.moon/Library/Developer/Xcode/DerivedData/WebDriverAgent-dikkwtrisltbeobjmfvpthwwekvs/Logs/Test/Test-WebDriverAgentRunner-2019.06.17_10-24-21-+0900.xcresult
Testing failed:
No profiles for 'com.facebook.IntegrationApp.Testingsss' were found: Xcode couldn't find any iOS App Development provisioning profiles matching 'com.facebook.IntegrationApp.Testingsss'. Automatic signing is disabled and unable to generate a profile. To enable automatic signing, pass -allowProvisioningUpdates to xcodebuild. (in target 'IntegrationApp')
No profiles for 'com.facebook.WebDriverAgentRunner.Testingsss' were found: Xcode couldn't find any iOS App Development provisioning profiles matching 'com.facebook.WebDriverAgentRunner.Testingsss'. Automatic signing is disabled and unable to generate a profile. To enable automatic signing, pass -allowProvisioningUpdates to xcodebuild. (in target 'WebDriverAgentRunner')
No signing certificate "iOS Development" found: No "iOS Development" signing certificate matching team ID "F2JB92KEAG" with a private key was found. (in target 'WebDriverAgentLib')
WebDriverAgentRunner:
WebDriverAgentRunner-Runner.app encountered an error (Failed to install or launch the test runner. (Underlying error: App installation failed. A valid provisioning profile for this executable was not found.))
Test session results and logs:
/Users/ken.moon/Library/Developer/Xcode/DerivedData/WebDriverAgent-dikkwtrisltbeobjmfvpthwwekvs/Logs/Test/Test-WebDriverAgentRunner-2019.06.17_10-24-21-+0900.xcresult
** TEST EXECUTE FAILED **
Testing started on 'Vincentâ€™s iPhone'. Make sure you follow the tutorial at https://github.com/appium/appium-xcuitest-driver/blob/master/docs/real-device-config.md. Try to remove the WebDriverAgentRunner application from the device if it is installed and reboot the device.
    at getResponseForW3CError (/Applications/Appium.app/Contents/Resources/app/node_modules/appium/node_modules/appium-base-driver/lib/protocol/errors.js:826:9)
    at asyncHandler (/Applications/Appium.app/Contents/Resources/app/node_modules/appium/node_modules/appium-base-driver/lib/protocol/protocol.js:447:37)
    at process._tickCallback (internal/process/next_tick.js:68:7)
at sun.reflect.NativeConstructorAccessorImpl.newInstance0(Native Method)
at sun.reflect.NativeConstructorAccessorImpl.newInstance(NativeConstructorAccessorImpl.java:62)
at sun.reflect.DelegatingConstructorAccessorImpl.newInstance(DelegatingConstructorAccessorImpl.java:45)
at java.lang.reflect.Constructor.newInstance(Constructor.java:423)
at org.openqa.selenium.remote.W3CHandshakeResponse.lambda$errorHandler$0(W3CHandshakeResponse.java:62)
at org.openqa.selenium.remote.HandshakeResponse.lambda$getResponseFunction$0(HandshakeResponse.java:30)
at org.openqa.selenium.remote.ProtocolHandshake.lambda$createSession$0(ProtocolHandshake.java:126)
at java.util.stream.ReferencePipeline$3$1.accept(ReferencePipeline.java:193)
at java.util.Spliterators$ArraySpliterator.tryAdvance(Spliterators.java:958)
at java.util.stream.ReferencePipeline.forEachWithCancel(ReferencePipeline.java:126)
at java.util.stream.AbstractPipeline.copyIntoWithCancel(AbstractPipeline.java:498)
at java.util.stream.AbstractPipeline.copyInto(AbstractPipeline.java:485)
at java.util.stream.AbstractPipeline.wrapAndCopyInto(AbstractPipeline.java:471)
at java.util.stream.FindOps$FindOp.evaluateSequential(FindOps.java:152)
at java.util.stream.AbstractPipeline.evaluate(AbstractPipeline.java:234)
at java.util.stream.ReferencePipeline.findFirst(ReferencePipeline.java:464)
at org.openqa.selenium.remote.ProtocolHandshake.createSession(ProtocolHandshake.java:128)
... 46 more
]]>
    </error>
  </testcase> <!-- setUp -->
  <testcase name="ken_switch_test" time="0.000" classname="com.swarm.automation.swarm.test.Ken_Test1">
    <skipped/>
  </testcase> <!-- ken_switch_test -->
</testsuite> <!-- com.swarm.automation.swarm.test.Ken_Test1 -->
